{"contracts\\Authorization.sol":{"l":{"13":1,"14":1},"path":"C:/Users/azureuser/Documents/Github/Solidity-Examples/SmartContracts/SupplyChainLog/Solidity/contracts/Authorization.sol","s":{"1":1},"b":{"1":[1,0]},"f":{"1":1},"fnMap":{"1":{"name":"onlyContractUploader","line":12,"loc":{"start":{"line":12,"column":4},"end":{"line":12,"column":33}}}},"statementMap":{"1":{"start":{"line":13,"column":8},"end":{"line":13,"column":35}}},"branchMap":{"1":{"line":13,"type":"if","locations":[{"start":{"line":13,"column":8},"end":{"line":13,"column":8}},{"start":{"line":13,"column":8},"end":{"line":13,"column":8}}]}}},"contracts\\Common.sol":{"l":{"8":0},"path":"C:/Users/azureuser/Documents/Github/Solidity-Examples/SmartContracts/SupplyChainLog/Solidity/contracts/Common.sol","s":{"1":0},"b":{},"f":{"1":0},"fnMap":{"1":{"name":"stringEquals","line":7,"loc":{"start":{"line":7,"column":4},"end":{"line":7,"column":82}}}},"statementMap":{"1":{"start":{"line":8,"column":7},"end":{"line":8,"column":52}}},"branchMap":{}},"contracts\\SupplyChainLogContract.sol":{"l":{"13":2,"17":1},"path":"C:/Users/azureuser/Documents/Github/Solidity-Examples/SmartContracts/SupplyChainLog/Solidity/contracts/SupplyChainLogContract.sol","s":{"1":2,"2":1},"b":{},"f":{"1":2,"2":1},"fnMap":{"1":{"name":"SupplyChainLogContract","line":11,"loc":{"start":{"line":11,"column":4},"end":{"line":11,"column":42}}},"2":{"name":"close","line":16,"loc":{"start":{"line":16,"column":4},"end":{"line":16,"column":46}}}},"statementMap":{"1":{"start":{"line":13,"column":8},"end":{"line":13,"column":25}},"2":{"start":{"line":17,"column":8},"end":{"line":17,"column":26}}},"branchMap":{}}}